============================================
Overall Connectedness Index
    {'BVAR-Minnesota'}    {'Ridge'  }    {'Lasso'  }    {'ElasticNet'}
    {[       84.7722]}    {[87.5221]}    {[93.9536]}    {[   94.3299]}
============================================
From Unit to All (Spillover)
    {'Crypto'          }    {'BVAR-Minnesota'}    {'Ridge' }    {'Lasso'  }    {'ElasticNet'}
    {'Binance Coin'    }    {[        3.5245]}    {[3.7637]}    {[ 3.3737]}    {[    0.4895]}
    {'Bitcoin Cash'    }    {[        5.2789]}    {[5.5019]}    {[ 9.9311]}    {[    7.9953]}
    {'Bitcoin'         }    {[        3.4467]}    {[3.4851]}    {[15.1561]}    {[   10.3404]}
    {'Cardano'         }    {[        5.1408]}    {[5.3585]}    {[ 2.3836]}    {[   10.2717]}
    {'Dash'            }    {[        4.6712]}    {[4.9631]}    {[ 7.7332]}    {[    7.6251]}
    {'EOS'             }    {[        5.4859]}    {[5.7174]}    {[ 2.9466]}    {[    1.5170]}
    {'Ethereum'        }    {[        4.8557]}    {[5.1244]}    {[ 7.6583]}    {[    9.8134]}
    {'Ethereum Classic'}    {[        4.6859]}    {[4.7741]}    {[ 3.6264]}    {[    1.3985]}
    {'IOTA'            }    {[        5.3110]}    {[5.5471]}    {[ 0.8907]}    {[    3.0406]}
    {'Litecoin'        }    {[        4.6676]}    {[4.8538]}    {[ 8.2302]}    {[    5.0076]}
    {'Monero'          }    {[        4.2406]}    {[4.4340]}    {[ 8.6582]}    {[    7.7734]}
    {'NEM'             }    {[        3.5839]}    {[3.0852]}    {[ 2.8140]}    {[    6.7822]}
    {'Neo'             }    {[        4.6843]}    {[4.8203]}    {[ 3.8007]}    {[    1.9244]}
    {'Qtum'            }    {[        5.5436]}    {[5.7988]}    {[ 1.3109]}    {[    0.4691]}
    {'Stellar'         }    {[        4.5946]}    {[4.8451]}    {[ 3.0314]}    {[    2.5121]}
    {'TRON'            }    {[        4.2922]}    {[4.7131]}    {[ 7.4050]}    {[    5.0917]}
    {'VeChain'         }    {[        6.4571]}    {[6.2478]}    {[ 1.4868]}    {[    8.8912]}
    {'XRP'             }    {[        4.2630]}    {[4.4660]}    {[ 2.0198]}    {[    1.3281]}
    {'Zcash'           }    {[        4.7541]}    {[4.8850]}    {[ 6.7164]}    {[    7.2990]}
============================================
From All to Unit (Vulnerability)
    {'Crypto'          }    {'BVAR-Minnesota'}    {'Ridge' }    {'Lasso' }    {'ElasticNet'}
    {'Binance Coin'    }    {[        4.8427]}    {[4.9288]}    {[5.3281]}    {[    5.3993]}
    {'Bitcoin Cash'    }    {[        4.8799]}    {[5.3056]}    {[4.9874]}    {[    5.1000]}
    {'Bitcoin'         }    {[        5.2405]}    {[5.1993]}    {[4.7018]}    {[    4.9697]}
    {'Cardano'         }    {[        5.1295]}    {[5.1615]}    {[5.3630]}    {[    4.9791]}
    {'Dash'            }    {[        4.8853]}    {[5.1064]}    {[5.1046]}    {[    5.1189]}
    {'EOS'             }    {[        4.9702]}    {[5.1114]}    {[5.3467]}    {[    5.4337]}
    {'Ethereum'        }    {[        5.0800]}    {[5.2256]}    {[5.1098]}    {[    4.9980]}
    {'Ethereum Classic'}    {[        4.9282]}    {[4.9393]}    {[5.3176]}    {[    5.4486]}
    {'IOTA'            }    {[        5.1042]}    {[5.1351]}    {[5.3671]}    {[    5.3628]}
    {'Litecoin'        }    {[        5.1052]}    {[5.1712]}    {[5.0803]}    {[    5.2611]}
    {'Monero'          }    {[        5.0605]}    {[5.2171]}    {[5.0559]}    {[    5.1110]}
    {'NEM'             }    {[        2.3165]}    {[2.8206]}    {[5.3421]}    {[    5.1667]}
    {'Neo'             }    {[        4.7179]}    {[5.3412]}    {[5.3080]}    {[    5.4441]}
    {'Qtum'            }    {[        5.1116]}    {[5.1592]}    {[5.4002]}    {[    5.5080]}
    {'Stellar'         }    {[        4.8675]}    {[4.9859]}    {[5.3413]}    {[    5.3922]}
    {'TRON'            }    {[        4.7548]}    {[5.0166]}    {[5.1237]}    {[    5.2627]}
    {'VeChain'         }    {[        2.5222]}    {[2.7654]}    {[5.3620]}    {[    5.0372]}
    {'XRP'             }    {[        4.9239]}    {[4.7240]}    {[5.3753]}    {[    5.4401]}
    {'Zcash'           }    {[        5.0413]}    {[5.0702]}    {[5.1585]}    {[    5.1372]}
